------------------------------------------------------------------------------------------------------------------------

[2022-11-29 18:52:36 #1 store] 
Database '/Users/and333r/git/BetsProject-JSFandHibernate/src/main/resources/bets.temp' is opened by 15497@MacBook-de-Ander.local

[2022-11-29 18:52:36 #2 type] 
Type domain.Event is not enhanced.

[2022-11-29 18:52:36 #3 type] 
Type domain.Question is not enhanced.

------------------------------------------------------------------------------------------------------------------------

[2022-11-29 18:52:48 #1 store] 
Database '/Users/and333r/git/BetsProject-JSFandHibernate/src/main/resources/bets.temp' is opened by 15506@MacBook-de-Ander.local

[2022-11-29 18:52:48 #2 type.registry] 
New type domain.Question

[2022-11-29 18:52:48 #3 type] 
Type domain.Question is not enhanced.

[2022-11-29 18:52:48 #4 type.registry] 
New type domain.Event

[2022-11-29 18:52:48 #5 type] 
Type domain.Event is not enhanced.

[2022-11-29 18:52:48 #6 type.registry] 
New type java.util.Vector<domain.Question>

[2022-11-29 18:52:48 #7 type.registry] 
New type java.util.Vector<java.lang.Object>

